<?xml version="1.0" encoding="UTF-8"?>
<!-- Generated by org.testng.reporters.JUnitXMLReporter -->
<testsuite ignored="0" hostname="CAMBROSIA-VM" failures="0" tests="5" name="Spok CTI Client - Regression" time="108.867" errors="0" timestamp="2021-06-24T09:36:03 PDT">
  <testcase classname="winapp.cti.qa.testcases.phonecontrol.AgentStatusTest" name="readyStateTest" time="22.631"/>
  <testcase classname="winapp.cti.qa.testcases.phonecontrol.AgentStatusTest" name="readyStateTest" time="21.836"/>
  <testcase classname="winapp.cti.qa.testcases.phonecontrol.AgentStatusTest" name="readyStateTest" time="19.671"/>
  <testcase classname="winapp.cti.qa.testcases.phonecontrol.AgentStatusTest" name="readyStateTest" time="20.62"/>
  <testcase classname="winapp.cti.qa.testcases.phonecontrol.AgentStatusTest" name="readyStateTest" time="20.267"/>
</testsuite> <!-- Spok CTI Client - Regression -->
